[train_single] difficulty=10  puzzle_idx=1  method=gnn  episodes=750
[train_single] board=FoBBoJFoooIJooAAIKooGCCKooGHDDoEEHoo
[GNN] device=cpu  board=FoBBoJFoooIJooAAIKooGCCKooGHDDoEEHoo
[GNN]   ep=    0  recent=-2.93  best=-inf
  *** NEW BEST GNN (avg=-2.13) ep=2 ***
[GNN]   ep=  100  recent=-3.06  best=-2.13
[GNN]   ep=  200  recent=-3.04  best=-2.13
  *** NEW BEST GNN (avg=-2.12) ep=278 ***
  *** NEW BEST GNN (avg=-1.85) ep=279 ***
  *** NEW BEST GNN (avg=-1.71) ep=288 ***
  *** NEW BEST GNN (avg=-1.22) ep=289 ***
  *** NEW BEST GNN (avg=0.12) ep=290 ***
  *** NEW BEST GNN (avg=0.79) ep=291 ***
  *** NEW BEST GNN (avg=1.27) ep=292 ***
  *** NEW BEST GNN (avg=1.73) ep=293 ***
  *** NEW BEST GNN (avg=1.79) ep=294 ***
  *** NEW BEST GNN (avg=3.96) ep=295 ***
  *** NEW BEST GNN (avg=4.73) ep=298 ***
  *** NEW BEST GNN (avg=6.16) ep=300 ***
[GNN]   ep=  300  recent=6.51  best=6.16
  *** NEW BEST GNN (avg=6.83) ep=301 ***
  *** NEW BEST GNN (avg=9.11) ep=302 ***
  *** NEW BEST GNN (avg=9.33) ep=306 ***
  *** NEW BEST GNN (avg=9.65) ep=308 ***
  *** NEW BEST GNN (avg=9.90) ep=309 ***
  *** NEW BEST GNN (avg=9.98) ep=310 ***
  *** NEW BEST GNN (avg=9.99) ep=311 ***
  *** NEW BEST GNN (avg=10.09) ep=313 ***
  *** NEW BEST GNN (avg=10.12) ep=324 ***
  *** NEW BEST GNN (avg=10.13) ep=325 ***
  *** NEW BEST GNN (avg=10.14) ep=349 ***
  *** NEW BEST GNN (avg=10.15) ep=351 ***
  *** NEW BEST GNN (avg=10.16) ep=378 ***
  *** NEW BEST GNN (avg=10.16) ep=380 ***
  *** NEW BEST GNN (avg=10.17) ep=383 ***
  *** NEW BEST GNN (avg=10.19) ep=388 ***
  *** NEW BEST GNN (avg=10.20) ep=389 ***
  *** NEW BEST GNN (avg=10.22) ep=395 ***
[GNN]   ep=  400  recent=10.21  best=10.22
  *** NEW BEST GNN (avg=10.22) ep=407 ***
[GNN]   ep=  500  recent=-2.97  best=10.22
[GNN]   ep=  600  recent=-3.05  best=10.22
[GNN]   ep=  700  recent=-3.05  best=10.22

[train_single] Training done in 182.6 min. Evaluating ...
[train_single] solve_rate=100.0%  reward=10.28±0.00
[train_single] Policy saved → /projects/amfa5003/rush-hour/policies/d10_p1_gnn.pth
