[train_single] difficulty=12  puzzle_idx=0  method=gnn  episodes=1200
[train_single] board=ooBBJoFGHoJKFGHAAKoCCIoKoooIDDEEoooo
[GNN] device=cpu  board=ooBBJoFGHoJKFGHAAKoCCIoKoooIDDEEoooo
[GNN]   ep=    0  recent=-3.15  best=-inf
  *** NEW BEST GNN (avg=-3.17) ep=2 ***
  *** NEW BEST GNN (avg=-3.16) ep=6 ***
  *** NEW BEST GNN (avg=-3.16) ep=7 ***
  *** NEW BEST GNN (avg=-2.96) ep=8 ***
  *** NEW BEST GNN (avg=-2.94) ep=9 ***
[GNN]   ep=  100  recent=-3.21  best=-2.94
[GNN]   ep=  200  recent=-3.18  best=-2.94
[GNN]   ep=  300  recent=-3.18  best=-2.94
[GNN]   ep=  400  recent=-3.18  best=-2.94
[GNN]   ep=  500  recent=-3.16  best=-2.94
[GNN]   ep=  600  recent=-3.15  best=-2.94
[GNN]   ep=  700  recent=-3.15  best=-2.94
[GNN]   ep=  800  recent=-3.17  best=-2.94
[GNN]   ep=  900  recent=-3.15  best=-2.94
[GNN]   ep= 1000  recent=-3.17  best=-2.94
[GNN]   ep= 1100  recent=-3.19  best=-2.94

[train_single] Training done in 265.7 min. Evaluating ...
[train_single] solve_rate=0.0%  reward=-3.17±0.00
[train_single] Policy saved → /projects/amfa5003/rush-hour/policies/d12_p0_gnn.pth
