[train_single] difficulty=15  puzzle_idx=1  method=hrep  episodes=2500
[train_single] board=BBHooKFoHoJKFAAoJLoGCCoLoGoIDDEEoIoo
[H-rep] device=cpu  board=BBHooKFoHoJKFAAoJLoGCCoLoGoIDDEEoIoo
[H-rep] ep=    0  recent=-2.95  best=-inf
  *** NEW BEST H-rep (avg=-3.00) ep=2 ***
  *** NEW BEST H-rep (avg=-3.00) ep=5 ***
  *** NEW BEST H-rep (avg=-2.98) ep=22 ***
[H-rep] ep=  100  recent=-3.03  best=-2.98
[H-rep] ep=  200  recent=-3.05  best=-2.98
[H-rep] ep=  300  recent=-3.02  best=-2.98
[H-rep] ep=  400  recent=-3.04  best=-2.98
[H-rep] ep=  500  recent=-3.05  best=-2.98
[H-rep] ep=  600  recent=-3.02  best=-2.98
[H-rep] ep=  700  recent=-3.05  best=-2.98
[H-rep] ep=  800  recent=-3.02  best=-2.98
[H-rep] ep=  900  recent=-3.03  best=-2.98
[H-rep] ep= 1000  recent=-3.05  best=-2.98
[H-rep] ep= 1100  recent=-3.03  best=-2.98
[H-rep] ep= 1200  recent=-3.03  best=-2.98
[H-rep] ep= 1300  recent=-3.04  best=-2.98
[H-rep] ep= 1400  recent=-3.03  best=-2.98
[H-rep] ep= 1500  recent=-3.04  best=-2.98
[H-rep] ep= 1600  recent=-3.02  best=-2.98
[H-rep] ep= 1700  recent=-3.02  best=-2.98
[H-rep] ep= 1800  recent=-3.02  best=-2.98
[H-rep] ep= 1900  recent=-3.03  best=-2.98
[H-rep] ep= 2000  recent=-3.06  best=-2.98
[H-rep] ep= 2100  recent=-3.02  best=-2.98
[H-rep] ep= 2200  recent=-3.01  best=-2.98
  *** NEW BEST H-rep (avg=-2.81) ep=2296 ***
  *** NEW BEST H-rep (avg=-2.80) ep=2297 ***
[H-rep] ep= 2300  recent=-3.03  best=-2.80
  *** NEW BEST H-rep (avg=-2.80) ep=2387 ***
  *** NEW BEST H-rep (avg=-2.79) ep=2388 ***
[H-rep] ep= 2400  recent=-3.04  best=-2.79
  *** NEW BEST H-rep (avg=-2.79) ep=2457 ***

[train_single] Training done in 372.8 min. Evaluating ...
[train_single] solve_rate=0.0%  reward=-2.92±0.00
[train_single] Policy saved → /projects/amfa5003/rush-hour/policies/d15_p1_hrep.pth
