[train_single] difficulty=10  puzzle_idx=0  method=vrep  episodes=750
[train_single] board=oBBCCooooJDDAAoJKoHoEEKLHoIFFLGGIooo
[V-rep] device=cpu  board=oBBCCooooJDDAAoJKoHoEEKLHoIFFLGGIooo
[V-rep] ep=    0  recent=-0.48  best=-inf
  *** NEW BEST V-rep (avg=-1.21) ep=2 ***
  *** NEW BEST V-rep (avg=-0.98) ep=3 ***
  *** NEW BEST V-rep (avg=0.38) ep=4 ***
  *** NEW BEST V-rep (avg=1.98) ep=5 ***
  *** NEW BEST V-rep (avg=4.28) ep=6 ***
  *** NEW BEST V-rep (avg=7.50) ep=7 ***
  *** NEW BEST V-rep (avg=9.45) ep=8 ***
  *** NEW BEST V-rep (avg=9.67) ep=9 ***
  *** NEW BEST V-rep (avg=9.96) ep=14 ***
  *** NEW BEST V-rep (avg=9.97) ep=15 ***
  *** NEW BEST V-rep (avg=10.04) ep=18 ***
  *** NEW BEST V-rep (avg=10.18) ep=20 ***
  *** NEW BEST V-rep (avg=10.23) ep=22 ***
  *** NEW BEST V-rep (avg=10.25) ep=24 ***
  *** NEW BEST V-rep (avg=10.25) ep=25 ***
  *** NEW BEST V-rep (avg=10.28) ep=31 ***
  *** NEW BEST V-rep (avg=10.29) ep=32 ***
  *** NEW BEST V-rep (avg=10.31) ep=33 ***
  *** NEW BEST V-rep (avg=10.32) ep=34 ***
  *** NEW BEST V-rep (avg=10.32) ep=35 ***
  *** NEW BEST V-rep (avg=10.33) ep=37 ***
  *** NEW BEST V-rep (avg=10.33) ep=39 ***
  *** NEW BEST V-rep (avg=10.34) ep=40 ***
  *** NEW BEST V-rep (avg=10.34) ep=42 ***
  *** NEW BEST V-rep (avg=10.35) ep=44 ***
  *** NEW BEST V-rep (avg=10.35) ep=45 ***
  *** NEW BEST V-rep (avg=10.35) ep=46 ***
  *** NEW BEST V-rep (avg=10.35) ep=48 ***
  *** NEW BEST V-rep (avg=10.36) ep=50 ***
  *** NEW BEST V-rep (avg=10.36) ep=64 ***
  *** NEW BEST V-rep (avg=10.36) ep=65 ***
  *** NEW BEST V-rep (avg=10.36) ep=71 ***
[V-rep] ep=  100  recent=10.36  best=10.36
  *** NEW BEST V-rep (avg=10.36) ep=108 ***
  *** NEW BEST V-rep (avg=10.36) ep=119 ***
  *** NEW BEST V-rep (avg=10.36) ep=198 ***
  *** NEW BEST V-rep (avg=10.36) ep=200 ***
[V-rep] ep=  200  recent=10.36  best=10.36
  *** NEW BEST V-rep (avg=10.37) ep=234 ***
  *** NEW BEST V-rep (avg=10.37) ep=258 ***
  *** NEW BEST V-rep (avg=10.37) ep=295 ***
[V-rep] ep=  300  recent=10.36  best=10.37
  *** NEW BEST V-rep (avg=10.37) ep=380 ***
  *** NEW BEST V-rep (avg=10.37) ep=391 ***
[V-rep] ep=  400  recent=10.33  best=10.37
[V-rep] ep=  500  recent=10.36  best=10.37
[V-rep] ep=  600  recent=10.30  best=10.37
[V-rep] ep=  700  recent=10.30  best=10.37

[train_single] Training done in 127.5 min. Evaluating ...
[train_single] solve_rate=100.0%  reward=10.37±0.00
[train_single] Policy saved → /projects/amfa5003/rush-hour/policies/d10_p0_vrep.pth
