[train_single] difficulty=12  puzzle_idx=0  method=hrep  episodes=1200
[train_single] board=ooBBJoFGHoJKFGHAAKoCCIoKoooIDDEEoooo
[H-rep] device=cpu  board=ooBBJoFGHoJKFGHAAKoCCIoKoooIDDEEoooo
[H-rep] ep=    0  recent=-3.17  best=-inf
  *** NEW BEST H-rep (avg=-3.17) ep=2 ***
  *** NEW BEST H-rep (avg=-3.16) ep=14 ***
  *** NEW BEST H-rep (avg=-3.15) ep=15 ***
  *** NEW BEST H-rep (avg=-3.15) ep=16 ***
  *** NEW BEST H-rep (avg=-3.15) ep=58 ***
[H-rep] ep=  100  recent=-3.16  best=-3.15
[H-rep] ep=  200  recent=-3.16  best=-3.15
[H-rep] ep=  300  recent=-3.15  best=-3.15
[H-rep] ep=  400  recent=-3.16  best=-3.15
[H-rep] ep=  500  recent=-3.16  best=-3.15
  *** NEW BEST H-rep (avg=-3.15) ep=552 ***
[H-rep] ep=  600  recent=-3.17  best=-3.15
[H-rep] ep=  700  recent=-3.15  best=-3.15
[H-rep] ep=  800  recent=-3.19  best=-3.15
[H-rep] ep=  900  recent=-3.19  best=-3.15
[H-rep] ep= 1000  recent=-3.21  best=-3.15
[H-rep] ep= 1100  recent=-3.18  best=-3.15

[train_single] Training done in 219.7 min. Evaluating ...
[train_single] solve_rate=0.0%  reward=-3.17±0.00
[train_single] Policy saved → /projects/amfa5003/rush-hour/policies/d12_p0_hrep.pth
